0.000000000000000000e+00 1.962393854315822637e+02 4.079043110440051123e+02
1.000000000000000000e+00 1.953334388502483421e+02 1.953334388502483421e+02
2.000000000000000000e+00 1.953334388502483421e+02 3.170151128084065704e+02
3.000000000000000000e+00 1.953334388502483421e+02 2.031200129286368394e+02
4.000000000000000000e+00 1.953334388502483421e+02 2.192792326911422833e+02
5.000000000000000000e+00 1.953334388502483421e+02 2.542483399471998382e+02
6.000000000000000000e+00 1.953334388502483421e+02 3.704358229872883612e+02
7.000000000000000000e+00 1.953334388502483421e+02 3.496319504502016571e+02
8.000000000000000000e+00 1.953334388502483421e+02 2.903304197604990122e+02
9.000000000000000000e+00 1.953334388502483421e+02 2.546066929080935211e+02
1.000000000000000000e+01 1.953334388502483421e+02 3.030301079302432754e+02
1.100000000000000000e+01 1.953334388502483421e+02 2.528174399222178010e+02
1.200000000000000000e+01 1.953334388502483421e+02 4.291741087280049669e+02
1.300000000000000000e+01 1.953334388502483421e+02 2.120327661648682920e+02
1.400000000000000000e+01 1.953334388502483421e+02 2.558047204987178134e+02
1.500000000000000000e+01 1.953334388502483421e+02 2.256971646303597083e+02
1.600000000000000000e+01 1.953334388502483421e+02 3.174947996453574888e+02
1.700000000000000000e+01 1.953334388502483421e+02 3.004604662472395944e+02
1.800000000000000000e+01 1.953334388502483421e+02 1.987753465690048529e+02
1.900000000000000000e+01 1.840845257945804292e+02 1.840845257945804292e+02
2.000000000000000000e+01 1.840845257945804292e+02 1.895156165210457857e+02
2.100000000000000000e+01 1.840845257945804292e+02 2.059405883809361910e+02
2.200000000000000000e+01 1.307510236802839358e+02 1.307510236802839358e+02
2.300000000000000000e+01 1.158663492112213476e+02 1.158663492112213476e+02
2.400000000000000000e+01 1.158663492112213476e+02 1.527253254311986836e+02
2.500000000000000000e+01 1.066838984902034042e+02 1.066838984902034042e+02
2.600000000000000000e+01 1.066838984902034042e+02 1.717754020392305563e+02
2.700000000000000000e+01 1.066838984902034042e+02 1.710677107427586066e+02
2.800000000000000000e+01 1.066838984902034042e+02 1.221286302293699180e+02
2.900000000000000000e+01 1.066838984902034042e+02 1.614564563030974966e+02
3.000000000000000000e+01 1.066838984902034042e+02 1.734373850771981154e+02
3.100000000000000000e+01 1.066838984902034042e+02 1.301068211424152423e+02
3.200000000000000000e+01 1.066838984902034042e+02 1.782543960116325650e+02
3.300000000000000000e+01 1.066838984902034042e+02 1.712880071431071656e+02
3.400000000000000000e+01 1.066838984902034042e+02 1.884426934503964617e+02
3.500000000000000000e+01 1.066838984902034042e+02 1.206091571373349893e+02
3.600000000000000000e+01 1.066838984902034042e+02 1.521496053974877043e+02
3.700000000000000000e+01 1.066838984902034042e+02 1.477330537764921132e+02
3.800000000000000000e+01 1.066838984902034042e+02 1.423645504404452424e+02
3.900000000000000000e+01 1.066838984902034042e+02 2.131227899104361541e+02
4.000000000000000000e+01 1.066838984902034042e+02 1.279967575823166470e+02
4.100000000000000000e+01 8.801873592900956567e+01 8.801873592900956567e+01
4.200000000000000000e+01 8.801873592900956567e+01 1.012886221776927869e+02
4.300000000000000000e+01 8.801873592900956567e+01 1.195410120745553542e+02
4.400000000000000000e+01 8.801873592900956567e+01 1.388587501944222709e+02
4.500000000000000000e+01 8.801873592900956567e+01 1.055244761753010181e+02
4.600000000000000000e+01 8.801873592900956567e+01 1.717086954617574577e+02
4.700000000000000000e+01 8.801873592900956567e+01 1.691151187874404513e+02
4.800000000000000000e+01 8.801873592900956567e+01 1.207218880224305764e+02
4.900000000000000000e+01 5.959915133530519427e+01 5.959915133530519427e+01
5.000000000000000000e+01 5.959915133530519427e+01 6.162830657285325486e+01
5.100000000000000000e+01 5.959915133530519427e+01 1.091321605136930657e+02
5.200000000000000000e+01 5.959915133530519427e+01 2.965734622854802751e+02
5.300000000000000000e+01 5.959915133530519427e+01 6.482244524499195393e+01
5.400000000000000000e+01 5.948625293811701908e+01 5.948625293811701908e+01
5.500000000000000000e+01 5.948625293811701908e+01 1.500958159397152656e+02
5.600000000000000000e+01 5.948625293811701908e+01 1.099149666871542053e+02
5.700000000000000000e+01 5.948625293811701908e+01 1.045593064896264792e+02
5.800000000000000000e+01 5.948625293811701908e+01 6.021497246110569534e+01
5.900000000000000000e+01 5.948625293811701908e+01 6.486626399953877353e+01
6.000000000000000000e+01 5.605591480164715534e+01 5.605591480164715534e+01
6.100000000000000000e+01 5.605591480164715534e+01 7.116530382551111700e+01
6.200000000000000000e+01 5.605591480164715534e+01 1.212905131998966084e+02
6.300000000000000000e+01 4.639892616725249752e+01 4.639892616725249752e+01
6.400000000000000000e+01 4.639892616725249752e+01 6.188479944473007777e+01
6.500000000000000000e+01 4.639892616725249752e+01 1.067660406067139292e+02
6.600000000000000000e+01 4.639892616725249752e+01 1.981432651540289100e+02
6.700000000000000000e+01 4.639892616725249752e+01 4.962889418295164745e+01
6.800000000000000000e+01 4.639892616725249752e+01 1.391357910758273988e+02
6.900000000000000000e+01 4.639892616725249752e+01 5.010414892194548742e+01
7.000000000000000000e+01 4.639892616725249752e+01 9.664480018208364243e+01
7.100000000000000000e+01 4.639892616725249752e+01 8.209484652263917326e+01
7.200000000000000000e+01 4.639892616725249752e+01 7.483259431411593710e+01
7.300000000000000000e+01 4.639892616725249752e+01 6.720680935167511905e+01
7.400000000000000000e+01 4.639892616725249752e+01 1.579872041295052156e+02
7.500000000000000000e+01 4.639892616725249752e+01 9.480860200030564044e+01
7.600000000000000000e+01 4.639892616725249752e+01 1.489450471990840867e+02
7.700000000000000000e+01 4.639892616725249752e+01 8.307748601803884014e+01
7.800000000000000000e+01 4.639892616725249752e+01 1.054626335465854794e+02
7.900000000000000000e+01 4.639892616725249752e+01 9.370960011330265615e+01
8.000000000000000000e+01 4.639892616725249752e+01 8.958403355317510375e+01
8.100000000000000000e+01 4.639892616725249752e+01 1.035924907137807196e+02
8.200000000000000000e+01 4.639892616725249752e+01 9.331642698803352687e+01
8.300000000000000000e+01 4.639892616725249752e+01 8.142128402500492257e+01
8.400000000000000000e+01 4.639892616725249752e+01 8.014882720295197771e+01
8.500000000000000000e+01 4.639892616725249752e+01 1.961011645611773417e+02
8.600000000000000000e+01 4.639892616725249752e+01 6.874572565809478419e+01
8.700000000000000000e+01 4.639892616725249752e+01 6.800384154583120733e+01
8.800000000000000000e+01 4.639892616725249752e+01 1.049712380732113104e+02
8.900000000000000000e+01 4.528971379838616684e+01 4.528971379838616684e+01
9.000000000000000000e+01 4.528971379838616684e+01 5.290378625795167267e+01
9.100000000000000000e+01 4.528971379838616684e+01 8.208380679758805343e+01
9.200000000000000000e+01 4.528971379838616684e+01 5.477214701629456783e+01
9.300000000000000000e+01 4.528971379838616684e+01 1.393138739984418066e+02
9.400000000000000000e+01 4.528971379838616684e+01 5.470221892675113651e+01
9.500000000000000000e+01 4.528971379838616684e+01 5.936678945329249757e+01
9.600000000000000000e+01 4.270167722872142946e+01 4.270167722872142946e+01
9.700000000000000000e+01 4.270167722872142946e+01 2.179267082352970988e+02
9.800000000000000000e+01 4.060855090696015424e+01 4.060855090696015424e+01
9.900000000000000000e+01 4.060855090696015424e+01 8.426588353399169762e+01
1.000000000000000000e+02 4.060855090696015424e+01 1.350503953391234120e+02
1.010000000000000000e+02 4.060855090696015424e+01 9.757926504183470229e+01
1.020000000000000000e+02 4.060855090696015424e+01 1.446811397263093397e+02
1.030000000000000000e+02 4.060855090696015424e+01 5.075385185622172912e+01
1.040000000000000000e+02 4.060855090696015424e+01 5.440752054574733165e+01
1.050000000000000000e+02 4.060855090696015424e+01 7.292079360438040680e+01
1.060000000000000000e+02 4.060855090696015424e+01 7.631001991980366483e+01
1.070000000000000000e+02 4.060855090696015424e+01 1.567595866565709741e+02
1.080000000000000000e+02 4.060855090696015424e+01 5.647256442447170599e+01
1.090000000000000000e+02 4.060855090696015424e+01 4.126761985915484843e+01
1.100000000000000000e+02 4.060855090696015424e+01 1.098602848271716113e+02
1.110000000000000000e+02 4.060855090696015424e+01 4.171945547837756152e+01
1.120000000000000000e+02 4.060855090696015424e+01 7.377514425391628095e+01
1.130000000000000000e+02 4.060855090696015424e+01 4.289068670826704022e+01
1.140000000000000000e+02 4.060855090696015424e+01 7.216950992222250250e+01
1.150000000000000000e+02 4.060855090696015424e+01 8.187265283154125939e+01
1.160000000000000000e+02 4.060855090696015424e+01 5.703707503588812244e+01
1.170000000000000000e+02 4.060855090696015424e+01 1.383138883121877996e+02
1.180000000000000000e+02 4.060855090696015424e+01 4.320158166629675378e+01
1.190000000000000000e+02 4.060855090696015424e+01 1.595839099057496071e+02
1.200000000000000000e+02 4.060855090696015424e+01 5.073107510618773830e+01
1.210000000000000000e+02 4.060855090696015424e+01 8.323298343975650937e+01
1.220000000000000000e+02 4.060855090696015424e+01 1.058385059484010782e+02
1.230000000000000000e+02 4.060855090696015424e+01 5.798188609140672867e+01
1.240000000000000000e+02 4.060855090696015424e+01 4.213855796140627064e+01
1.250000000000000000e+02 4.060855090696015424e+01 4.097851144903192733e+01
1.260000000000000000e+02 4.060855090696015424e+01 4.185325495428448050e+01
1.270000000000000000e+02 4.060855090696015424e+01 4.907904900907074364e+01
1.280000000000000000e+02 4.060855090696015424e+01 4.406392478174534233e+01
1.290000000000000000e+02 4.060855090696015424e+01 4.440959911515179215e+01
1.300000000000000000e+02 4.060855090696015424e+01 5.422852185106977885e+01
1.310000000000000000e+02 4.060855090696015424e+01 1.048104769912234673e+02
1.320000000000000000e+02 4.060855090696015424e+01 6.554240542931006530e+01
1.330000000000000000e+02 3.790369824136590182e+01 3.790369824136590182e+01
1.340000000000000000e+02 3.790369824136590182e+01 6.256164872097428997e+01
1.350000000000000000e+02 3.382334008319959651e+01 3.382334008319959651e+01
1.360000000000000000e+02 3.382334008319959651e+01 1.007577957598312537e+02
1.370000000000000000e+02 3.382334008319959651e+01 4.101216047123679687e+01
1.380000000000000000e+02 3.382334008319959651e+01 3.931149863709561743e+01
1.390000000000000000e+02 3.238508405461692519e+01 3.238508405461692519e+01
1.400000000000000000e+02 3.238508405461692519e+01 1.228180582223860569e+02
1.410000000000000000e+02 3.238508405461692519e+01 1.161464093657483971e+02
1.420000000000000000e+02 3.238508405461692519e+01 3.887345490845187612e+01
1.430000000000000000e+02 3.201583252763687426e+01 3.201583252763687426e+01
1.440000000000000000e+02 3.201583252763687426e+01 1.345852730277721321e+02
1.450000000000000000e+02 3.201583252763687426e+01 4.805999184502947230e+01
1.460000000000000000e+02 3.176241833789688584e+01 3.176241833789688584e+01
1.470000000000000000e+02 3.176241833789688584e+01 7.469414158891078159e+01
1.480000000000000000e+02 3.176241833789688584e+01 4.730676558841168600e+01
1.490000000000000000e+02 3.176241833789688584e+01 6.658011301113714353e+01
1.500000000000000000e+02 3.176241833789688584e+01 5.394653600164784990e+01
1.510000000000000000e+02 2.592408909234892889e+01 2.592408909234892889e+01
1.520000000000000000e+02 2.592408909234892889e+01 5.351511207532428926e+01
1.530000000000000000e+02 2.592408909234892889e+01 2.900026786166670334e+01
1.540000000000000000e+02 2.592408909234892889e+01 2.774576961956345755e+01
1.550000000000000000e+02 2.592408909234892889e+01 1.219727012184916788e+02
1.560000000000000000e+02 2.592408909234892889e+01 5.955800884168490938e+01
1.570000000000000000e+02 2.592408909234892889e+01 8.836035951047762182e+01
1.580000000000000000e+02 2.592408909234892889e+01 6.111417748352275936e+01
1.590000000000000000e+02 2.592408909234892889e+01 4.529488299671840679e+01
1.600000000000000000e+02 2.592408909234892889e+01 6.896935858775378847e+01
1.610000000000000000e+02 2.591473604539278597e+01 2.591473604539278597e+01
1.620000000000000000e+02 2.591473604539278597e+01 6.596854480174178548e+01
1.630000000000000000e+02 1.982354720769195566e+01 1.982354720769195566e+01
1.640000000000000000e+02 1.776888193464208499e+01 1.776888193464208499e+01
1.650000000000000000e+02 1.776888193464208499e+01 4.305345091090320153e+01
1.660000000000000000e+02 1.776888193464208499e+01 3.835044036623946795e+01
1.670000000000000000e+02 1.776888193464208499e+01 5.937805038901149857e+01
1.680000000000000000e+02 1.776888193464208499e+01 1.837483868005703513e+01
1.690000000000000000e+02 1.776888193464208499e+01 6.024479294391431239e+01
1.700000000000000000e+02 1.776888193464208499e+01 5.249404838793748240e+01
1.710000000000000000e+02 1.776888193464208499e+01 3.031915432356205997e+01
1.720000000000000000e+02 1.776888193464208499e+01 2.078913669655600671e+01
1.730000000000000000e+02 1.776888193464208499e+01 1.115779332735188802e+02
1.740000000000000000e+02 1.776888193464208499e+01 2.178039003718753719e+01
1.750000000000000000e+02 1.776888193464208499e+01 6.475215302594378386e+01
1.760000000000000000e+02 1.776888193464208499e+01 1.911334070019818654e+01
1.770000000000000000e+02 1.776888193464208499e+01 5.227486206078493325e+01
1.780000000000000000e+02 1.776888193464208499e+01 7.272974475745758127e+01
1.790000000000000000e+02 1.776888193464208499e+01 2.938217445800457384e+01
1.800000000000000000e+02 1.776888193464208499e+01 3.831931873944950695e+01
1.810000000000000000e+02 1.776888193464208499e+01 2.057589604497927027e+01
1.820000000000000000e+02 1.734405545888318301e+01 1.734405545888318301e+01
1.830000000000000000e+02 1.734405545888318301e+01 1.771158638627334270e+01
1.840000000000000000e+02 1.178326213024816127e+01 1.178326213024816127e+01
1.850000000000000000e+02 1.178326213024816127e+01 3.780335879466355919e+01
1.860000000000000000e+02 1.178326213024816127e+01 2.333006625059558203e+01
1.870000000000000000e+02 1.178326213024816127e+01 2.664962679596937534e+01
1.880000000000000000e+02 1.178326213024816127e+01 1.489066739888692723e+02
1.890000000000000000e+02 1.178326213024816127e+01 1.192724542507164287e+01
1.900000000000000000e+02 1.178326213024816127e+01 1.646255992671444091e+01
1.910000000000000000e+02 1.178326213024816127e+01 7.721379069303957010e+01
1.920000000000000000e+02 8.360288480207763939e+00 8.360288480207763939e+00
1.930000000000000000e+02 8.360288480207763939e+00 5.820736069745553465e+01
1.940000000000000000e+02 8.360288480207763939e+00 6.120459960315010761e+01
1.950000000000000000e+02 8.360288480207763939e+00 4.928810521673540279e+01
1.960000000000000000e+02 8.360288480207763939e+00 2.399446309690048196e+01
1.970000000000000000e+02 8.360288480207763939e+00 9.680537095642019807e+00
1.980000000000000000e+02 8.360288480207763939e+00 8.477220843799951666e+00
1.990000000000000000e+02 8.360288480207763939e+00 8.397473191325435238e+00
2.000000000000000000e+02 8.360288480207763939e+00 1.584848384615523287e+01
2.010000000000000000e+02 8.360288480207763939e+00 2.074417834917710834e+01
2.020000000000000000e+02 8.360288480207763939e+00 1.204365492364617829e+01
2.030000000000000000e+02 8.360288480207763939e+00 8.919421261073956941e+00
2.040000000000000000e+02 8.360288480207763939e+00 2.063480763411295271e+01
2.050000000000000000e+02 8.360288480207763939e+00 1.175924013534125834e+01
2.060000000000000000e+02 8.360288480207763939e+00 2.747316265261451562e+01
2.070000000000000000e+02 8.360288480207763939e+00 1.529107658850904095e+01
2.080000000000000000e+02 8.360288480207763939e+00 2.080861480543111242e+01
2.090000000000000000e+02 8.360288480207763939e+00 3.192246305234429471e+01
2.100000000000000000e+02 8.360288480207763939e+00 4.612512147944973151e+01
2.110000000000000000e+02 8.360288480207763939e+00 4.238151429670658388e+01
2.120000000000000000e+02 6.319807469897083863e+00 6.319807469897083863e+00
2.130000000000000000e+02 6.319807469897083863e+00 2.506934757670811109e+01
2.140000000000000000e+02 6.319807469897083863e+00 2.065767351296182497e+01
2.150000000000000000e+02 6.319807469897083863e+00 8.627833974079227630e+01
2.160000000000000000e+02 6.319807469897083863e+00 1.814621488638888991e+01
2.170000000000000000e+02 6.319807469897083863e+00 1.843555606681158920e+01
2.180000000000000000e+02 6.319807469897083863e+00 4.190429999014595808e+01
2.190000000000000000e+02 6.319807469897083863e+00 1.771759427174237089e+01
2.200000000000000000e+02 6.319807469897083863e+00 8.546844980264229008e+00
2.210000000000000000e+02 6.319807469897083863e+00 9.339954040968491711e+01
2.220000000000000000e+02 6.319807469897083863e+00 1.420308443644049490e+01
2.230000000000000000e+02 6.319807469897083863e+00 8.790709885517863142e+01
2.240000000000000000e+02 6.319807469897083863e+00 1.308232732119481341e+02
2.250000000000000000e+02 6.319807469897083863e+00 6.689842515361680064e+00
2.260000000000000000e+02 6.319807469897083863e+00 7.758673527554475591e+00
2.270000000000000000e+02 6.319807469897083863e+00 9.897777921217344499e+01
2.280000000000000000e+02 6.319807469897083863e+00 1.623140070531060530e+01
2.290000000000000000e+02 6.319807469897083863e+00 1.219640011046383599e+01
2.300000000000000000e+02 5.911815780405130560e+00 5.911815780405130560e+00
2.310000000000000000e+02 5.911815780405130560e+00 1.212464998226273849e+01
2.320000000000000000e+02 5.911815780405130560e+00 2.596255468349906081e+01
2.330000000000000000e+02 5.911815780405130560e+00 7.408102555766936881e+00
2.340000000000000000e+02 5.911815780405130560e+00 3.222569727709279164e+01
2.350000000000000000e+02 5.911815780405130560e+00 1.011182768893747230e+01
2.360000000000000000e+02 5.911815780405130560e+00 5.281120482921561177e+01
2.370000000000000000e+02 5.911815780405130560e+00 6.436150772978447776e+01
2.380000000000000000e+02 5.911815780405130560e+00 7.098262723410031505e+00
2.390000000000000000e+02 5.911815780405130560e+00 1.688239592789146926e+01
2.400000000000000000e+02 5.725630835705983301e+00 5.725630835705983301e+00
2.410000000000000000e+02 5.725630835705983301e+00 3.958108025476568770e+01
2.420000000000000000e+02 5.503436683882200420e+00 5.503436683882200420e+00
2.430000000000000000e+02 5.503436683882200420e+00 2.517963854799279133e+01
2.440000000000000000e+02 5.503436683882200420e+00 1.400009652367760182e+01
2.450000000000000000e+02 5.503436683882200420e+00 6.085553910265103639e+01
2.460000000000000000e+02 5.503436683882200420e+00 5.768053158196563501e+00
2.470000000000000000e+02 5.503436683882200420e+00 7.300081163051223676e+00
2.480000000000000000e+02 5.503436683882200420e+00 9.046308301118441975e+00
2.490000000000000000e+02 5.503436683882200420e+00 1.708509185001618391e+01
2.500000000000000000e+02 5.503436683882200420e+00 1.853872938824093453e+01
2.510000000000000000e+02 3.620133914081551385e+00 3.620133914081551385e+00
2.520000000000000000e+02 3.620133914081551385e+00 3.260103743981518676e+01
2.530000000000000000e+02 3.620133914081551385e+00 7.455972900138713833e+00
2.540000000000000000e+02 3.620133914081551385e+00 1.006745409941608216e+01
2.550000000000000000e+02 3.620133914081551385e+00 4.757789439589854652e+01
2.560000000000000000e+02 3.565299385433304824e+00 3.565299385433304824e+00
2.570000000000000000e+02 3.565299385433304824e+00 9.097173403685859583e+00
2.580000000000000000e+02 3.565299385433304824e+00 7.688312272157004656e+01
2.590000000000000000e+02 3.565299385433304824e+00 5.214561310350628531e+00
2.600000000000000000e+02 3.565299385433304824e+00 5.942775372477252205e+01
2.610000000000000000e+02 3.565299385433304824e+00 2.082219851227297625e+01
2.620000000000000000e+02 3.565299385433304824e+00 4.688919744513248844e+01
2.630000000000000000e+02 3.565299385433304824e+00 9.740375595237567907e+00
2.640000000000000000e+02 3.565299385433304824e+00 3.669394926928516210e+00
2.650000000000000000e+02 3.565299385433304824e+00 7.147340410999166949e+00
2.660000000000000000e+02 3.565299385433304824e+00 6.634149507285786740e+01
2.670000000000000000e+02 3.565299385433304824e+00 4.465005302894235939e+01
2.680000000000000000e+02 3.565299385433304824e+00 2.430283369776330460e+01
2.690000000000000000e+02 3.565299385433304824e+00 4.178047334643736122e+00
2.700000000000000000e+02 3.565299385433304824e+00 1.381387526274474986e+01
2.710000000000000000e+02 3.565299385433304824e+00 1.530692992751312964e+01
2.720000000000000000e+02 3.565299385433304824e+00 4.979119664185574834e+01
2.730000000000000000e+02 3.565299385433304824e+00 1.045260966941223657e+01
2.740000000000000000e+02 3.565299385433304824e+00 2.002534009365780676e+01
2.750000000000000000e+02 3.565299385433304824e+00 5.091731428861359987e+00
2.760000000000000000e+02 3.565299385433304824e+00 1.958859521275214988e+01
2.770000000000000000e+02 3.565299385433304824e+00 4.100354523303668230e+00
2.780000000000000000e+02 3.565299385433304824e+00 3.897654286316085237e+00
2.790000000000000000e+02 3.565299385433304824e+00 4.116424812884569917e+01
2.800000000000000000e+02 3.565299385433304824e+00 2.396035606120571870e+01
2.810000000000000000e+02 3.565299385433304824e+00 1.334516931705115894e+01
2.820000000000000000e+02 3.565299385433304824e+00 1.307511741115244774e+01
2.830000000000000000e+02 3.565299385433304824e+00 4.755790075517351312e+01
2.840000000000000000e+02 3.565299385433304824e+00 2.306317880647957352e+01
2.850000000000000000e+02 3.565299385433304824e+00 2.570969392838288670e+01
2.860000000000000000e+02 3.565299385433304824e+00 8.434584033723348639e+00
2.870000000000000000e+02 3.565299385433304824e+00 3.615226049329614888e+00
2.880000000000000000e+02 3.565299385433304824e+00 6.229096946756677688e+00
2.890000000000000000e+02 3.565299385433304824e+00 3.576912382212927355e+01
2.900000000000000000e+02 3.565299385433304824e+00 1.026308506863817271e+01
2.910000000000000000e+02 3.565299385433304824e+00 7.139391955230588849e+01
2.920000000000000000e+02 3.565299385433304824e+00 5.248014453178426741e+00
2.930000000000000000e+02 3.565299385433304824e+00 9.962216957264562467e+00
2.940000000000000000e+02 3.565299385433304824e+00 3.584619825554117512e+00
2.950000000000000000e+02 3.565299385433304824e+00 5.611617211537402028e+01
2.960000000000000000e+02 3.565299385433304824e+00 2.432842567788747701e+01
2.970000000000000000e+02 3.565299385433304824e+00 5.115059687885223028e+00
2.980000000000000000e+02 3.101783881003906895e+00 3.101783881003906895e+00
2.990000000000000000e+02 3.101783881003906895e+00 3.398884985394682090e+00
3.000000000000000000e+02 3.101783881003906895e+00 1.836465443528992481e+01
3.010000000000000000e+02 3.101783881003906895e+00 1.245127669269123238e+01
3.020000000000000000e+02 3.101783881003906895e+00 1.507326962830445005e+01
3.030000000000000000e+02 3.101783881003906895e+00 7.657079429727668973e+00
3.040000000000000000e+02 3.101783881003906895e+00 6.102242173899162125e+00
3.050000000000000000e+02 3.101783881003906895e+00 4.207654773234903445e+00
3.060000000000000000e+02 3.101783881003906895e+00 3.727146631251999853e+00
3.070000000000000000e+02 3.101783881003906895e+00 4.836570104472929899e+00
3.080000000000000000e+02 3.101783881003906895e+00 1.035835535244444650e+01
3.090000000000000000e+02 3.101783881003906895e+00 5.043497252133763098e+00
3.100000000000000000e+02 3.101783881003906895e+00 3.134300672008067323e+01
3.110000000000000000e+02 3.101783881003906895e+00 1.460959534121928094e+01
3.120000000000000000e+02 3.101783881003906895e+00 1.460399085683572018e+01
3.130000000000000000e+02 3.101783881003906895e+00 4.081422476466315175e+00
3.140000000000000000e+02 3.101783881003906895e+00 5.337454223196054670e+00
3.150000000000000000e+02 3.101783881003906895e+00 3.240179682243399917e+00
3.160000000000000000e+02 3.101783881003906895e+00 1.798224503217102566e+01
3.170000000000000000e+02 3.101783881003906895e+00 1.286377806036286842e+01
3.180000000000000000e+02 3.101783881003906895e+00 7.256092485324320940e+00
3.190000000000000000e+02 3.101783881003906895e+00 3.277888938173511235e+00
3.200000000000000000e+02 3.101783881003906895e+00 9.823485731229315121e+00
3.210000000000000000e+02 3.048076303646143348e+00 3.048076303646143348e+00
3.220000000000000000e+02 3.048076303646143348e+00 2.046816063323787915e+01
3.230000000000000000e+02 3.048076303646143348e+00 3.190680675588875559e+01
3.240000000000000000e+02 3.048076303646143348e+00 6.675976777900759274e+00
3.250000000000000000e+02 3.048076303646143348e+00 6.228768064588733111e+00
3.260000000000000000e+02 3.048076303646143348e+00 3.032478840140518983e+01
3.270000000000000000e+02 3.048076303646143348e+00 4.639742744164679245e+00
3.280000000000000000e+02 3.048076303646143348e+00 3.247570948715996053e+01
3.290000000000000000e+02 3.048076303646143348e+00 2.158386831691204222e+01
3.300000000000000000e+02 3.048076303646143348e+00 4.855999805447104301e+00
3.310000000000000000e+02 3.048076303646143348e+00 8.288172353004782167e+00
3.320000000000000000e+02 3.006837532864148788e+00 3.006837532864148788e+00
3.330000000000000000e+02 3.006837532864148788e+00 6.301607967080604311e+01
3.340000000000000000e+02 3.006837532864148788e+00 3.507291568386142977e+00
3.350000000000000000e+02 3.006837532864148788e+00 3.312069549940245494e+00
3.360000000000000000e+02 3.006837532864148788e+00 3.392484094483587231e+00
3.370000000000000000e+02 3.006837532864148788e+00 3.007775375669004436e+00
3.380000000000000000e+02 3.006837532864148788e+00 3.020876907160394254e+00
3.390000000000000000e+02 2.881132177794533789e+00 2.881132177794533789e+00
3.400000000000000000e+02 2.881132177794533789e+00 6.221861371199736368e+00
3.410000000000000000e+02 2.881132177794533789e+00 1.686687365867467037e+01
3.420000000000000000e+02 2.881132177794533789e+00 2.668416107884918986e+01
3.430000000000000000e+02 2.881132177794533789e+00 1.299777447027714672e+01
3.440000000000000000e+02 2.881132177794533789e+00 6.923813185661384040e+00
3.450000000000000000e+02 2.881132177794533789e+00 2.993760476486928113e+00
3.460000000000000000e+02 2.881132177794533789e+00 6.154376305408189474e+00
3.470000000000000000e+02 2.881132177794533789e+00 8.965041987445751204e+00
3.480000000000000000e+02 2.302318725957735790e+00 2.302318725957735790e+00
3.490000000000000000e+02 2.302318725957735790e+00 1.239492696150604445e+01
3.500000000000000000e+02 2.302318725957735790e+00 2.772079619495345426e+01
3.510000000000000000e+02 2.302318725957735790e+00 1.707610926602386314e+01
3.520000000000000000e+02 2.302318725957735790e+00 4.826493765158966553e+00
3.530000000000000000e+02 2.302318725957735790e+00 1.019690332196783622e+01
3.540000000000000000e+02 2.302318725957735790e+00 3.882444927751805608e+01
3.550000000000000000e+02 2.302318725957735790e+00 2.512292553375872473e+01
3.560000000000000000e+02 2.302318725957735790e+00 2.152343327264242845e+01
3.570000000000000000e+02 2.302318725957735790e+00 3.391324079986670625e+01
3.580000000000000000e+02 2.302318725957735790e+00 1.671133589994578728e+01
3.590000000000000000e+02 2.302318725957735790e+00 3.394030596460361870e+00
3.600000000000000000e+02 2.302318725957735790e+00 4.995435410780444130e+01
3.610000000000000000e+02 2.302318725957735790e+00 1.406325667036118254e+01
3.620000000000000000e+02 2.302318725957735790e+00 3.349108872877309739e+00
3.630000000000000000e+02 2.302318725957735790e+00 3.274065587024006518e+00
3.640000000000000000e+02 2.302318725957735790e+00 3.051785618096441777e+00
3.650000000000000000e+02 2.302318725957735790e+00 6.556294592413901334e+00
3.660000000000000000e+02 2.302318725957735790e+00 4.103885692322021939e+00
3.670000000000000000e+02 2.302318725957735790e+00 5.494240858420589291e+00
3.680000000000000000e+02 2.291912964160056632e+00 2.291912964160056632e+00
3.690000000000000000e+02 2.291912964160056632e+00 3.003285371529957448e+00
3.700000000000000000e+02 2.291912964160056632e+00 2.659267093859525311e+00
3.710000000000000000e+02 2.291912964160056632e+00 2.182820346915336529e+01
3.720000000000000000e+02 2.291912964160056632e+00 3.889616831584049805e+00
3.730000000000000000e+02 2.282227995563838263e+00 2.282227995563838263e+00
3.740000000000000000e+02 2.282227995563838263e+00 2.404395834230976803e+00
3.750000000000000000e+02 2.282227995563838263e+00 2.539974810256635962e+01
3.760000000000000000e+02 2.282227995563838263e+00 4.978013290945153102e+00
3.770000000000000000e+02 2.282227995563838263e+00 2.529979524391039902e+00
3.780000000000000000e+02 2.282227995563838263e+00 2.704969033207304818e+01
3.790000000000000000e+02 2.282227995563838263e+00 1.064281227582098310e+01
3.800000000000000000e+02 2.282227995563838263e+00 2.326314702964999270e+01
3.810000000000000000e+02 2.282227995563838263e+00 7.470828330213117319e+00
3.820000000000000000e+02 2.282227995563838263e+00 5.831338741420134753e+00
3.830000000000000000e+02 2.282227995563838263e+00 1.181152500780749293e+01
3.840000000000000000e+02 2.282227995563838263e+00 3.673333020270570870e+01
3.850000000000000000e+02 2.282227995563838263e+00 5.077641329999478259e+00
3.860000000000000000e+02 2.282227995563838263e+00 9.736187787621730649e+00
3.870000000000000000e+02 2.282227995563838263e+00 1.653788882615869582e+01
3.880000000000000000e+02 2.282227995563838263e+00 2.412049573979192729e+00
3.890000000000000000e+02 2.282227995563838263e+00 1.695632467919045183e+01
3.900000000000000000e+02 2.282227995563838263e+00 4.973902370011267671e+00
3.910000000000000000e+02 2.282227995563838263e+00 2.721825036971538658e+00
3.920000000000000000e+02 2.282227995563838263e+00 2.649439505339494350e+00
3.930000000000000000e+02 2.282227995563838263e+00 5.431124521910212621e+01
3.940000000000000000e+02 2.282227995563838263e+00 6.211305098449431128e+00
3.950000000000000000e+02 2.282227995563838263e+00 3.220869302154619529e+00
3.960000000000000000e+02 1.838221772170957058e+00 1.838221772170957058e+00
3.970000000000000000e+02 1.838221772170957058e+00 4.919186781248367168e+00
3.980000000000000000e+02 1.838221772170957058e+00 3.211711935751082159e+00
3.990000000000000000e+02 1.838221772170957058e+00 7.003202688833994216e+01
4.000000000000000000e+02 1.838221772170957058e+00 2.407033101337415548e+00
4.010000000000000000e+02 1.838221772170957058e+00 4.095008032299626066e+00
4.020000000000000000e+02 1.838221772170957058e+00 1.838278800405739766e+00
4.030000000000000000e+02 1.838221772170957058e+00 5.515315194178504576e+00
4.040000000000000000e+02 1.838221772170957058e+00 5.034267041429381528e+00
4.050000000000000000e+02 1.838221772170957058e+00 3.049103760249860962e+00
4.060000000000000000e+02 1.838221772170957058e+00 2.564236338207484422e+01
4.070000000000000000e+02 1.838221772170957058e+00 3.561494089320109691e+00
4.080000000000000000e+02 1.838221772170957058e+00 1.158997183863146674e+01
4.090000000000000000e+02 1.838221772170957058e+00 4.066692002301191877e+00
4.100000000000000000e+02 1.838221772170957058e+00 1.213723199529037799e+01
4.110000000000000000e+02 1.838221772170957058e+00 1.660406729029677209e+01
4.120000000000000000e+02 1.838221772170957058e+00 6.249036812702552623e+01
4.130000000000000000e+02 1.837816831689810249e+00 1.837816831689810249e+00
4.140000000000000000e+02 1.837816831689810249e+00 3.037358613877333013e+01
4.150000000000000000e+02 1.837816831689810249e+00 1.565998663883096675e+01
4.160000000000000000e+02 1.837816831689810249e+00 9.815970960920859412e+00
4.170000000000000000e+02 1.837816831689810249e+00 3.497855505820054134e+01
4.180000000000000000e+02 1.837816831689810249e+00 4.777339218280877375e+00
4.190000000000000000e+02 1.837816831689810249e+00 6.518302642452083795e+00
4.200000000000000000e+02 1.837816831689810249e+00 3.144178447899379236e+01
4.210000000000000000e+02 1.837816831689810249e+00 1.092156832442939063e+01
4.220000000000000000e+02 1.837816831689810249e+00 1.926906360705571863e+00
4.230000000000000000e+02 1.837816831689810249e+00 1.868102500104033670e+00
4.240000000000000000e+02 1.837816831689810249e+00 1.891682756345212546e+00
4.250000000000000000e+02 1.837816831689810249e+00 3.823708466951757590e+00
4.260000000000000000e+02 1.837816831689810249e+00 4.208795391786058104e+00
4.270000000000000000e+02 1.837816831689810249e+00 6.193305301060489043e+00
4.280000000000000000e+02 1.837816831689810249e+00 5.200003464790825802e+01
4.290000000000000000e+02 1.817400979556015539e+00 1.817400979556015539e+00
4.300000000000000000e+02 1.817400979556015539e+00 5.031962266530439543e+00
4.310000000000000000e+02 1.817400979556015539e+00 4.004299333569133523e+01
4.320000000000000000e+02 1.817400979556015539e+00 3.820605110861810427e+00
4.330000000000000000e+02 1.817400979556015539e+00 3.895696003333797730e+00
4.340000000000000000e+02 1.817400979556015539e+00 7.673655371656178836e+00
4.350000000000000000e+02 1.817400979556015539e+00 6.432211334881488440e+00
4.360000000000000000e+02 1.817400979556015539e+00 1.980902908265509765e+01
4.370000000000000000e+02 1.817400979556015539e+00 8.397115045260315824e+00
4.380000000000000000e+02 1.817400979556015539e+00 9.685010093314597057e+00
4.390000000000000000e+02 1.817400979556015539e+00 1.846973009704726110e+00
4.400000000000000000e+02 1.817400979556015539e+00 8.738000967376702732e+00
4.410000000000000000e+02 1.817400979556015539e+00 3.527074369720434532e+01
4.420000000000000000e+02 1.589226308936816601e+00 1.589226308936816601e+00
4.430000000000000000e+02 1.589226308936816601e+00 1.125959969152518703e+01
4.440000000000000000e+02 1.589226308936816601e+00 9.832961662042725592e+00
4.450000000000000000e+02 1.589226308936816601e+00 4.591628821386519732e+00
4.460000000000000000e+02 1.589226308936816601e+00 1.410942756786371000e+01
4.470000000000000000e+02 1.589226308936816601e+00 9.269346471729900117e+00
4.480000000000000000e+02 1.589226308936816601e+00 2.419125056768973181e+01
4.490000000000000000e+02 1.589226308936816601e+00 7.692302635431973457e+00
4.500000000000000000e+02 1.589226308936816601e+00 4.018862761418591667e+00
4.510000000000000000e+02 1.589226308936816601e+00 5.087384251433447702e+01
4.520000000000000000e+02 1.589226308936816601e+00 9.670013389489996669e+00
4.530000000000000000e+02 1.589226308936816601e+00 9.612804828157569759e+00
4.540000000000000000e+02 1.589226308936816601e+00 4.267900185581625649e+00
4.550000000000000000e+02 1.589226308936816601e+00 1.746029642323296160e+00
4.560000000000000000e+02 1.589226308936816601e+00 4.704742302144605759e+00
4.570000000000000000e+02 1.589226308936816601e+00 3.005586859189065407e+01
4.580000000000000000e+02 1.589226308936816601e+00 3.638061933710028395e+00
4.590000000000000000e+02 1.589226308936816601e+00 5.841435315444199361e+00
4.600000000000000000e+02 1.589226308936816601e+00 1.901244443957781982e+01
4.610000000000000000e+02 1.589226308936816601e+00 4.396826390689249564e+01
4.620000000000000000e+02 1.589226308936816601e+00 7.680959058534466699e+00
4.630000000000000000e+02 1.589226308936816601e+00 3.968090499074743427e+00
4.640000000000000000e+02 1.589226308936816601e+00 8.354606849074116326e+01
4.650000000000000000e+02 1.589226308936816601e+00 2.204217633366045703e+00
4.660000000000000000e+02 1.589226308936816601e+00 2.555388244938920295e+01
4.670000000000000000e+02 1.170519963096368299e+00 1.170519963096368299e+00
4.680000000000000000e+02 1.170519963096368299e+00 6.070771359815669399e+00
4.690000000000000000e+02 1.170519963096368299e+00 1.190291499867519143e+00
4.700000000000000000e+02 1.170519963096368299e+00 1.828871952376054466e+01
4.710000000000000000e+02 1.170519963096368299e+00 2.494342858235265581e+00
4.720000000000000000e+02 1.165690371732424957e+00 1.165690371732424957e+00
4.730000000000000000e+02 1.165690371732424957e+00 1.392828482965169590e+00
4.740000000000000000e+02 1.165690371732424957e+00 1.923516795904685139e+01
4.750000000000000000e+02 1.165690371732424957e+00 7.005997586964440416e+01
4.760000000000000000e+02 1.165690371732424957e+00 6.434116938057984569e+00
4.770000000000000000e+02 1.165690371732424957e+00 5.244018860636621149e+00
4.780000000000000000e+02 1.165690371732424957e+00 1.718449742093013555e+01
4.790000000000000000e+02 1.165690371732424957e+00 1.229416336468942328e+00
4.800000000000000000e+02 1.165690371732424957e+00 1.819341999284884270e+00
4.810000000000000000e+02 1.165690371732424957e+00 3.823102497749840012e+01
4.820000000000000000e+02 1.165690371732424957e+00 1.714775073553309603e+00
4.830000000000000000e+02 1.165690371732424957e+00 1.680865699514740896e+01
4.840000000000000000e+02 1.165690371732424957e+00 2.012754190807455146e+01
4.850000000000000000e+02 1.165690371732424957e+00 2.219974558713101231e+01
4.860000000000000000e+02 1.165690371732424957e+00 8.487920195546031721e+00
4.870000000000000000e+02 1.165690371732424957e+00 6.965660198348573751e+00
4.880000000000000000e+02 1.165690371732424957e+00 7.355433830822236452e+00
4.890000000000000000e+02 1.165690371732424957e+00 1.174982790522486331e+00
4.900000000000000000e+02 1.165690371732424957e+00 5.436533072355000940e+01
4.910000000000000000e+02 1.165690371732424957e+00 4.424530220136272618e+00
4.920000000000000000e+02 1.122930124747228753e+00 1.122930124747228753e+00
4.930000000000000000e+02 1.122930124747228753e+00 2.246122217276372179e+00
4.940000000000000000e+02 1.122930124747228753e+00 2.255682704524751614e+01
