4.096070201977875627e+02
2.491300265054780994e+02
2.491300265054780994e+02
2.491300265054780994e+02
1.962393854315822637e+02
1.962393854315822637e+02
1.953334388502483421e+02
1.953334388502483421e+02
1.953334388502483421e+02
1.953334388502483421e+02
1.953334388502483421e+02
1.953334388502483421e+02
1.953334388502483421e+02
1.953334388502483421e+02
1.953334388502483421e+02
1.953334388502483421e+02
1.953334388502483421e+02
1.953334388502483421e+02
1.953334388502483421e+02
1.953334388502483421e+02
1.953334388502483421e+02
1.953334388502483421e+02
1.953334388502483421e+02
1.953334388502483421e+02
1.840845257945804292e+02
1.840845257945804292e+02
1.840845257945804292e+02
1.307510236802839358e+02
1.158663492112213476e+02
1.158663492112213476e+02
1.066838984902034042e+02
1.066838984902034042e+02
1.066838984902034042e+02
1.066838984902034042e+02
1.066838984902034042e+02
1.066838984902034042e+02
1.066838984902034042e+02
1.066838984902034042e+02
1.066838984902034042e+02
1.066838984902034042e+02
1.066838984902034042e+02
1.066838984902034042e+02
1.066838984902034042e+02
1.066838984902034042e+02
1.066838984902034042e+02
1.066838984902034042e+02
8.801873592900956567e+01
8.801873592900956567e+01
8.801873592900956567e+01
8.801873592900956567e+01
8.801873592900956567e+01
8.801873592900956567e+01
8.801873592900956567e+01
8.801873592900956567e+01
5.959915133530519427e+01
5.959915133530519427e+01
5.959915133530519427e+01
5.959915133530519427e+01
5.959915133530519427e+01
5.948625293811701908e+01
5.948625293811701908e+01
5.948625293811701908e+01
5.948625293811701908e+01
5.948625293811701908e+01
5.948625293811701908e+01
5.605591480164715534e+01
5.605591480164715534e+01
5.605591480164715534e+01
4.639892616725249752e+01
4.639892616725249752e+01
4.639892616725249752e+01
4.639892616725249752e+01
4.639892616725249752e+01
4.639892616725249752e+01
4.639892616725249752e+01
4.639892616725249752e+01
4.639892616725249752e+01
4.639892616725249752e+01
4.639892616725249752e+01
4.639892616725249752e+01
4.639892616725249752e+01
4.639892616725249752e+01
4.639892616725249752e+01
4.639892616725249752e+01
4.639892616725249752e+01
4.639892616725249752e+01
4.639892616725249752e+01
4.639892616725249752e+01
4.639892616725249752e+01
4.639892616725249752e+01
4.639892616725249752e+01
4.639892616725249752e+01
4.639892616725249752e+01
4.639892616725249752e+01
4.528971379838616684e+01
4.528971379838616684e+01
4.528971379838616684e+01
4.528971379838616684e+01
4.528971379838616684e+01
4.528971379838616684e+01
4.528971379838616684e+01
4.270167722872142946e+01
4.270167722872142946e+01
4.060855090696015424e+01
4.060855090696015424e+01
4.060855090696015424e+01
4.060855090696015424e+01
4.060855090696015424e+01
4.060855090696015424e+01
4.060855090696015424e+01
4.060855090696015424e+01
4.060855090696015424e+01
4.060855090696015424e+01
4.060855090696015424e+01
4.060855090696015424e+01
4.060855090696015424e+01
4.060855090696015424e+01
4.060855090696015424e+01
4.060855090696015424e+01
4.060855090696015424e+01
4.060855090696015424e+01
4.060855090696015424e+01
4.060855090696015424e+01
4.060855090696015424e+01
4.060855090696015424e+01
4.060855090696015424e+01
4.060855090696015424e+01
4.060855090696015424e+01
4.060855090696015424e+01
4.060855090696015424e+01
4.060855090696015424e+01
4.060855090696015424e+01
4.060855090696015424e+01
4.060855090696015424e+01
4.060855090696015424e+01
4.060855090696015424e+01
4.060855090696015424e+01
4.060855090696015424e+01
3.790369824136590182e+01
3.790369824136590182e+01
3.382334008319959651e+01
3.382334008319959651e+01
3.382334008319959651e+01
3.382334008319959651e+01
3.238508405461692519e+01
3.238508405461692519e+01
3.238508405461692519e+01
3.238508405461692519e+01
3.201583252763687426e+01
3.201583252763687426e+01
3.201583252763687426e+01
3.176241833789688584e+01
3.176241833789688584e+01
3.176241833789688584e+01
3.176241833789688584e+01
3.176241833789688584e+01
2.592408909234892889e+01
2.592408909234892889e+01
2.592408909234892889e+01
2.592408909234892889e+01
2.592408909234892889e+01
2.592408909234892889e+01
2.592408909234892889e+01
2.592408909234892889e+01
2.592408909234892889e+01
2.592408909234892889e+01
2.591473604539278597e+01
2.591473604539278597e+01
1.982354720769195566e+01
1.776888193464208499e+01
1.776888193464208499e+01
1.776888193464208499e+01
1.776888193464208499e+01
1.776888193464208499e+01
1.776888193464208499e+01
1.776888193464208499e+01
1.776888193464208499e+01
1.776888193464208499e+01
1.776888193464208499e+01
1.776888193464208499e+01
1.776888193464208499e+01
1.776888193464208499e+01
1.776888193464208499e+01
1.776888193464208499e+01
1.776888193464208499e+01
1.776888193464208499e+01
1.776888193464208499e+01
1.734405545888318301e+01
1.734405545888318301e+01
1.178326213024816127e+01
1.178326213024816127e+01
1.178326213024816127e+01
1.178326213024816127e+01
1.178326213024816127e+01
1.178326213024816127e+01
1.178326213024816127e+01
1.178326213024816127e+01
8.360288480207763939e+00
8.360288480207763939e+00
8.360288480207763939e+00
8.360288480207763939e+00
8.360288480207763939e+00
8.360288480207763939e+00
8.360288480207763939e+00
8.360288480207763939e+00
8.360288480207763939e+00
8.360288480207763939e+00
8.360288480207763939e+00
8.360288480207763939e+00
8.360288480207763939e+00
8.360288480207763939e+00
8.360288480207763939e+00
8.360288480207763939e+00
8.360288480207763939e+00
8.360288480207763939e+00
8.360288480207763939e+00
8.360288480207763939e+00
6.319807469897083863e+00
6.319807469897083863e+00
6.319807469897083863e+00
6.319807469897083863e+00
6.319807469897083863e+00
6.319807469897083863e+00
6.319807469897083863e+00
6.319807469897083863e+00
6.319807469897083863e+00
6.319807469897083863e+00
6.319807469897083863e+00
6.319807469897083863e+00
6.319807469897083863e+00
6.319807469897083863e+00
6.319807469897083863e+00
6.319807469897083863e+00
6.319807469897083863e+00
6.319807469897083863e+00
5.911815780405130560e+00
5.911815780405130560e+00
5.911815780405130560e+00
5.911815780405130560e+00
5.911815780405130560e+00
5.911815780405130560e+00
5.911815780405130560e+00
5.911815780405130560e+00
5.911815780405130560e+00
5.911815780405130560e+00
5.725630835705983301e+00
5.725630835705983301e+00
5.503436683882200420e+00
5.503436683882200420e+00
5.503436683882200420e+00
5.503436683882200420e+00
5.503436683882200420e+00
5.503436683882200420e+00
5.503436683882200420e+00
5.503436683882200420e+00
5.503436683882200420e+00
3.620133914081551385e+00
3.620133914081551385e+00
3.620133914081551385e+00
3.620133914081551385e+00
3.620133914081551385e+00
3.565299385433304824e+00
3.565299385433304824e+00
3.565299385433304824e+00
3.565299385433304824e+00
3.565299385433304824e+00
3.565299385433304824e+00
3.565299385433304824e+00
3.565299385433304824e+00
3.565299385433304824e+00
3.565299385433304824e+00
3.565299385433304824e+00
3.565299385433304824e+00
3.565299385433304824e+00
3.565299385433304824e+00
3.565299385433304824e+00
3.565299385433304824e+00
3.565299385433304824e+00
3.565299385433304824e+00
3.565299385433304824e+00
3.565299385433304824e+00
3.565299385433304824e+00
3.565299385433304824e+00
3.565299385433304824e+00
3.565299385433304824e+00
3.565299385433304824e+00
3.565299385433304824e+00
3.565299385433304824e+00
3.565299385433304824e+00
3.565299385433304824e+00
3.565299385433304824e+00
3.565299385433304824e+00
3.565299385433304824e+00
3.565299385433304824e+00
3.565299385433304824e+00
3.565299385433304824e+00
3.565299385433304824e+00
3.565299385433304824e+00
3.565299385433304824e+00
3.565299385433304824e+00
3.565299385433304824e+00
3.565299385433304824e+00
3.565299385433304824e+00
3.101783881003906895e+00
3.101783881003906895e+00
3.101783881003906895e+00
3.101783881003906895e+00
3.101783881003906895e+00
3.101783881003906895e+00
3.101783881003906895e+00
3.101783881003906895e+00
3.101783881003906895e+00
3.101783881003906895e+00
3.101783881003906895e+00
3.101783881003906895e+00
3.101783881003906895e+00
3.101783881003906895e+00
3.101783881003906895e+00
3.101783881003906895e+00
3.101783881003906895e+00
3.101783881003906895e+00
3.101783881003906895e+00
3.101783881003906895e+00
3.101783881003906895e+00
3.101783881003906895e+00
3.101783881003906895e+00
3.048076303646143348e+00
3.048076303646143348e+00
3.048076303646143348e+00
3.048076303646143348e+00
3.048076303646143348e+00
3.048076303646143348e+00
3.048076303646143348e+00
3.048076303646143348e+00
3.048076303646143348e+00
3.048076303646143348e+00
3.048076303646143348e+00
3.006837532864148788e+00
3.006837532864148788e+00
3.006837532864148788e+00
3.006837532864148788e+00
3.006837532864148788e+00
3.006837532864148788e+00
3.006837532864148788e+00
2.881132177794533789e+00
2.881132177794533789e+00
2.881132177794533789e+00
2.881132177794533789e+00
2.881132177794533789e+00
2.881132177794533789e+00
2.881132177794533789e+00
2.881132177794533789e+00
2.881132177794533789e+00
2.302318725957735790e+00
2.302318725957735790e+00
2.302318725957735790e+00
2.302318725957735790e+00
2.302318725957735790e+00
2.302318725957735790e+00
2.302318725957735790e+00
2.302318725957735790e+00
2.302318725957735790e+00
2.302318725957735790e+00
2.302318725957735790e+00
2.302318725957735790e+00
2.302318725957735790e+00
2.302318725957735790e+00
2.302318725957735790e+00
2.302318725957735790e+00
2.302318725957735790e+00
2.302318725957735790e+00
2.302318725957735790e+00
2.302318725957735790e+00
2.291912964160056632e+00
2.291912964160056632e+00
2.291912964160056632e+00
2.291912964160056632e+00
2.291912964160056632e+00
2.282227995563838263e+00
2.282227995563838263e+00
2.282227995563838263e+00
2.282227995563838263e+00
2.282227995563838263e+00
2.282227995563838263e+00
2.282227995563838263e+00
2.282227995563838263e+00
2.282227995563838263e+00
2.282227995563838263e+00
2.282227995563838263e+00
2.282227995563838263e+00
2.282227995563838263e+00
2.282227995563838263e+00
2.282227995563838263e+00
2.282227995563838263e+00
2.282227995563838263e+00
2.282227995563838263e+00
2.282227995563838263e+00
2.282227995563838263e+00
2.282227995563838263e+00
2.282227995563838263e+00
2.282227995563838263e+00
1.838221772170957058e+00
1.838221772170957058e+00
1.838221772170957058e+00
1.838221772170957058e+00
1.838221772170957058e+00
1.838221772170957058e+00
1.838221772170957058e+00
1.838221772170957058e+00
1.838221772170957058e+00
1.838221772170957058e+00
1.838221772170957058e+00
1.838221772170957058e+00
1.838221772170957058e+00
1.838221772170957058e+00
1.838221772170957058e+00
1.838221772170957058e+00
1.838221772170957058e+00
1.837816831689810249e+00
1.837816831689810249e+00
1.837816831689810249e+00
1.837816831689810249e+00
1.837816831689810249e+00
1.837816831689810249e+00
1.837816831689810249e+00
1.837816831689810249e+00
1.837816831689810249e+00
1.837816831689810249e+00
1.837816831689810249e+00
1.837816831689810249e+00
1.837816831689810249e+00
1.837816831689810249e+00
1.837816831689810249e+00
1.837816831689810249e+00
1.817400979556015539e+00
1.817400979556015539e+00
1.817400979556015539e+00
1.817400979556015539e+00
1.817400979556015539e+00
1.817400979556015539e+00
1.817400979556015539e+00
1.817400979556015539e+00
1.817400979556015539e+00
1.817400979556015539e+00
1.817400979556015539e+00
1.817400979556015539e+00
1.817400979556015539e+00
1.589226308936816601e+00
1.589226308936816601e+00
1.589226308936816601e+00
1.589226308936816601e+00
1.589226308936816601e+00
1.589226308936816601e+00
1.589226308936816601e+00
1.589226308936816601e+00
1.589226308936816601e+00
1.589226308936816601e+00
1.589226308936816601e+00
1.589226308936816601e+00
1.589226308936816601e+00
1.589226308936816601e+00
1.589226308936816601e+00
1.589226308936816601e+00
1.589226308936816601e+00
1.589226308936816601e+00
1.589226308936816601e+00
1.589226308936816601e+00
1.589226308936816601e+00
1.589226308936816601e+00
1.589226308936816601e+00
1.589226308936816601e+00
1.589226308936816601e+00
1.170519963096368299e+00
1.170519963096368299e+00
1.170519963096368299e+00
1.170519963096368299e+00
1.170519963096368299e+00
1.165690371732424957e+00
1.165690371732424957e+00
1.165690371732424957e+00
1.165690371732424957e+00
1.165690371732424957e+00
1.165690371732424957e+00
1.165690371732424957e+00
1.165690371732424957e+00
1.165690371732424957e+00
1.165690371732424957e+00
1.165690371732424957e+00
1.165690371732424957e+00
1.165690371732424957e+00
1.165690371732424957e+00
1.165690371732424957e+00
1.165690371732424957e+00
1.165690371732424957e+00
1.165690371732424957e+00
1.165690371732424957e+00
1.165690371732424957e+00
1.122930124747228753e+00
1.122930124747228753e+00
1.122930124747228753e+00
